<?xml version="1.0"?>
<project xmlns="antlib:org.apache.tools.ant" xmlns:au="antlib:org.apache.ant.antunit" basedir="..">

	<import file="../build.xml" />

	<target name="test-me">
		<echo>Empty for now</echo>
	</target>

</project>
